0 info it worked if it ends with ok
1 verbose cli [ 'C:\\Program Files\\nodejs\\node.exe',
1 verbose cli   'C:\\Program Files\\nodejs\\node_modules\\npm\\bin\\npm-cli.js',
1 verbose cli   'install',
1 verbose cli   'bcrypt',
1 verbose cli   '-g' ]
2 info using npm@3.8.3
3 info using node@v5.10.1
4 silly loadCurrentTree Starting
5 silly install loadCurrentTree
6 silly install readGlobalPackageData
7 silly fetchPackageMetaData bcrypt
8 silly fetchNamedPackageData bcrypt
9 silly mapToRegistry name bcrypt
10 silly mapToRegistry using default registry
11 silly mapToRegistry registry https://registry.npmjs.org/
12 silly mapToRegistry data Result {
12 silly mapToRegistry   raw: 'bcrypt',
12 silly mapToRegistry   scope: null,
12 silly mapToRegistry   name: 'bcrypt',
12 silly mapToRegistry   rawSpec: '',
12 silly mapToRegistry   spec: 'latest',
12 silly mapToRegistry   type: 'tag' }
13 silly mapToRegistry uri https://registry.npmjs.org/bcrypt
14 verbose get https://registry.npmjs.org/bcrypt not expired, no request
15 silly install normalizeTree
16 silly loadCurrentTree Finishing
17 silly loadIdealTree Starting
18 silly install loadIdealTree
19 silly cloneCurrentTree Starting
20 silly install cloneCurrentTreeToIdealTree
21 silly cloneCurrentTree Finishing
22 silly loadShrinkwrap Starting
23 silly install loadShrinkwrap
24 silly loadShrinkwrap Finishing
25 silly loadAllDepsIntoIdealTree Starting
26 silly install loadAllDepsIntoIdealTree
27 silly resolveWithNewModule bcrypt@0.8.7 checking installable status
28 silly cache add args [ 'bcrypt', null ]
29 verbose cache add spec bcrypt
30 silly cache add parsed spec Result {
30 silly cache add   raw: 'bcrypt',
30 silly cache add   scope: null,
30 silly cache add   name: 'bcrypt',
30 silly cache add   rawSpec: '',
30 silly cache add   spec: 'latest',
30 silly cache add   type: 'tag' }
31 silly addNamed bcrypt@latest
32 verbose addNamed "latest" is being treated as a dist-tag for bcrypt
33 info addNameTag [ 'bcrypt', 'latest' ]
34 silly mapToRegistry name bcrypt
35 silly mapToRegistry using default registry
36 silly mapToRegistry registry https://registry.npmjs.org/
37 silly mapToRegistry data Result {
37 silly mapToRegistry   raw: 'bcrypt',
37 silly mapToRegistry   scope: null,
37 silly mapToRegistry   name: 'bcrypt',
37 silly mapToRegistry   rawSpec: '',
37 silly mapToRegistry   spec: 'latest',
37 silly mapToRegistry   type: 'tag' }
38 silly mapToRegistry uri https://registry.npmjs.org/bcrypt
39 verbose addNameTag registry:https://registry.npmjs.org/bcrypt not in flight; fetching
40 verbose get https://registry.npmjs.org/bcrypt not expired, no request
41 silly addNameTag next cb for bcrypt with tag latest
42 silly addNamed bcrypt@0.8.7
43 verbose addNamed "0.8.7" is a plain semver version for bcrypt
44 silly mapToRegistry name bcrypt
45 silly mapToRegistry using default registry
46 silly mapToRegistry registry https://registry.npmjs.org/
47 silly mapToRegistry data Result {
47 silly mapToRegistry   raw: 'bcrypt',
47 silly mapToRegistry   scope: null,
47 silly mapToRegistry   name: 'bcrypt',
47 silly mapToRegistry   rawSpec: '',
47 silly mapToRegistry   spec: 'latest',
47 silly mapToRegistry   type: 'tag' }
48 silly mapToRegistry uri https://registry.npmjs.org/bcrypt
49 verbose addRemoteTarball https://registry.npmjs.org/bcrypt/-/bcrypt-0.8.7.tgz not in flight; adding
50 verbose addRemoteTarball [ 'https://registry.npmjs.org/bcrypt/-/bcrypt-0.8.7.tgz',
50 verbose addRemoteTarball   'bc3875a9afd0a7b2cd231a6a7f218a5ce156b093' ]
51 info retry fetch attempt 1 at 11:11:07
52 info attempt registry request try #1 at 11:11:07
53 http fetch GET https://registry.npmjs.org/bcrypt/-/bcrypt-0.8.7.tgz
54 verbose request id 06db2a5fdebc9017
55 http fetch 200 https://registry.npmjs.org/bcrypt/-/bcrypt-0.8.7.tgz
56 silly fetchAndShaCheck shasum bc3875a9afd0a7b2cd231a6a7f218a5ce156b093
57 verbose addTmpTarball C:\Users\BlattleM\AppData\Local\Temp\npm-1516-23689d8c\registry.npmjs.org\bcrypt\-\bcrypt-0.8.7.tgz not in flight; adding
58 verbose addTmpTarball already have metadata; skipping unpack for bcrypt@0.8.7
59 verbose correctMkdir C:\Users\BlattleM\AppData\Roaming\npm-cache correctMkdir not in flight; initializing
60 silly cache afterAdd bcrypt@0.8.7
61 verbose afterAdd C:\Users\BlattleM\AppData\Roaming\npm-cache\bcrypt\0.8.7\package\package.json not in flight; writing
62 verbose correctMkdir C:\Users\BlattleM\AppData\Roaming\npm-cache correctMkdir not in flight; initializing
63 verbose afterAdd C:\Users\BlattleM\AppData\Roaming\npm-cache\bcrypt\0.8.7\package\package.json written
64 silly fetchNamedPackageData bindings
65 silly mapToRegistry name bindings
66 silly mapToRegistry using default registry
67 silly mapToRegistry registry https://registry.npmjs.org/
68 silly mapToRegistry data Result {
68 silly mapToRegistry   raw: 'bindings',
68 silly mapToRegistry   scope: null,
68 silly mapToRegistry   name: 'bindings',
68 silly mapToRegistry   rawSpec: '',
68 silly mapToRegistry   spec: 'latest',
68 silly mapToRegistry   type: 'tag' }
69 silly mapToRegistry uri https://registry.npmjs.org/bindings
70 silly fetchNamedPackageData nan
71 silly mapToRegistry name nan
72 silly mapToRegistry using default registry
73 silly mapToRegistry registry https://registry.npmjs.org/
74 silly mapToRegistry data Result {
74 silly mapToRegistry   raw: 'nan',
74 silly mapToRegistry   scope: null,
74 silly mapToRegistry   name: 'nan',
74 silly mapToRegistry   rawSpec: '',
74 silly mapToRegistry   spec: 'latest',
74 silly mapToRegistry   type: 'tag' }
75 silly mapToRegistry uri https://registry.npmjs.org/nan
76 verbose request uri https://registry.npmjs.org/bindings
77 verbose request no auth needed
78 info attempt registry request try #1 at 11:11:08
79 verbose etag "33TX4J3DNTGF7K41ZUV6OA182"
80 http request GET https://registry.npmjs.org/bindings
81 verbose request uri https://registry.npmjs.org/nan
82 verbose request no auth needed
83 info attempt registry request try #1 at 11:11:08
84 verbose etag "12RFHNMU7CS3WJ1892HQLM0NB"
85 http request GET https://registry.npmjs.org/nan
86 http 200 https://registry.npmjs.org/nan
87 verbose headers { server: 'CouchDB/1.6.1 (Erlang OTP/R16B03)',
87 verbose headers   etag: '"10VMD9HKM2FTY9WU1VCKY04MN"',
87 verbose headers   'content-type': 'application/json',
87 verbose headers   'content-encoding': 'gzip',
87 verbose headers   'cache-control': 'max-age=300',
87 verbose headers   'content-length': '16977',
87 verbose headers   'accept-ranges': 'bytes',
87 verbose headers   date: 'Mon, 04 Jul 2016 09:11:08 GMT',
87 verbose headers   via: '1.1 varnish',
87 verbose headers   age: '189',
87 verbose headers   connection: 'close',
87 verbose headers   'x-served-by': 'cache-fra1246-FRA',
87 verbose headers   'x-cache': 'HIT',
87 verbose headers   'x-cache-hits': '9',
87 verbose headers   'x-timer': 'S1467623468.163679,VS0,VE0',
87 verbose headers   vary: 'Accept-Encoding' }
88 silly get cb [ 200,
88 silly get   { server: 'CouchDB/1.6.1 (Erlang OTP/R16B03)',
88 silly get     etag: '"10VMD9HKM2FTY9WU1VCKY04MN"',
88 silly get     'content-type': 'application/json',
88 silly get     'content-encoding': 'gzip',
88 silly get     'cache-control': 'max-age=300',
88 silly get     'content-length': '16977',
88 silly get     'accept-ranges': 'bytes',
88 silly get     date: 'Mon, 04 Jul 2016 09:11:08 GMT',
88 silly get     via: '1.1 varnish',
88 silly get     age: '189',
88 silly get     connection: 'close',
88 silly get     'x-served-by': 'cache-fra1246-FRA',
88 silly get     'x-cache': 'HIT',
88 silly get     'x-cache-hits': '9',
88 silly get     'x-timer': 'S1467623468.163679,VS0,VE0',
88 silly get     vary: 'Accept-Encoding' } ]
89 verbose get saving nan to C:\Users\BlattleM\AppData\Roaming\npm-cache\registry.npmjs.org\nan\.cache.json
90 verbose correctMkdir C:\Users\BlattleM\AppData\Roaming\npm-cache correctMkdir not in flight; initializing
91 silly resolveWithNewModule nan@2.3.5 checking installable status
92 silly cache add args [ 'nan@2.3.5', null ]
93 verbose cache add spec nan@2.3.5
94 silly cache add parsed spec Result {
94 silly cache add   raw: 'nan@2.3.5',
94 silly cache add   scope: null,
94 silly cache add   name: 'nan',
94 silly cache add   rawSpec: '2.3.5',
94 silly cache add   spec: '2.3.5',
94 silly cache add   type: 'version' }
95 silly addNamed nan@2.3.5
96 verbose addNamed "2.3.5" is a plain semver version for nan
97 silly mapToRegistry name nan
98 silly mapToRegistry using default registry
99 silly mapToRegistry registry https://registry.npmjs.org/
100 silly mapToRegistry data Result {
100 silly mapToRegistry   raw: 'nan',
100 silly mapToRegistry   scope: null,
100 silly mapToRegistry   name: 'nan',
100 silly mapToRegistry   rawSpec: '',
100 silly mapToRegistry   spec: 'latest',
100 silly mapToRegistry   type: 'tag' }
101 silly mapToRegistry uri https://registry.npmjs.org/nan
102 verbose addNameVersion registry:https://registry.npmjs.org/nan not in flight; fetching
103 verbose get https://registry.npmjs.org/nan not expired, no request
104 silly cache afterAdd nan@2.3.5
105 verbose afterAdd C:\Users\BlattleM\AppData\Roaming\npm-cache\nan\2.3.5\package\package.json not in flight; writing
106 verbose correctMkdir C:\Users\BlattleM\AppData\Roaming\npm-cache correctMkdir not in flight; initializing
107 verbose afterAdd C:\Users\BlattleM\AppData\Roaming\npm-cache\nan\2.3.5\package\package.json written
108 http 304 https://registry.npmjs.org/bindings
109 verbose headers { date: 'Mon, 04 Jul 2016 09:11:08 GMT',
109 verbose headers   via: '1.1 varnish',
109 verbose headers   'cache-control': 'max-age=300',
109 verbose headers   etag: '"33TX4J3DNTGF7K41ZUV6OA182"',
109 verbose headers   age: '0',
109 verbose headers   connection: 'close',
109 verbose headers   'x-served-by': 'cache-fra1243-FRA',
109 verbose headers   'x-cache': 'HIT',
109 verbose headers   'x-cache-hits': '1',
109 verbose headers   'x-timer': 'S1467623468.136979,VS0,VE182',
109 verbose headers   vary: 'Accept-Encoding' }
110 silly get cb [ 304,
110 silly get   { date: 'Mon, 04 Jul 2016 09:11:08 GMT',
110 silly get     via: '1.1 varnish',
110 silly get     'cache-control': 'max-age=300',
110 silly get     etag: '"33TX4J3DNTGF7K41ZUV6OA182"',
110 silly get     age: '0',
110 silly get     connection: 'close',
110 silly get     'x-served-by': 'cache-fra1243-FRA',
110 silly get     'x-cache': 'HIT',
110 silly get     'x-cache-hits': '1',
110 silly get     'x-timer': 'S1467623468.136979,VS0,VE182',
110 silly get     vary: 'Accept-Encoding' } ]
111 verbose etag https://registry.npmjs.org/bindings from cache
112 verbose get saving bindings to C:\Users\BlattleM\AppData\Roaming\npm-cache\registry.npmjs.org\bindings\.cache.json
113 verbose correctMkdir C:\Users\BlattleM\AppData\Roaming\npm-cache correctMkdir not in flight; initializing
114 silly resolveWithNewModule bindings@1.2.1 checking installable status
115 silly cache add args [ 'bindings@1.2.1', null ]
116 verbose cache add spec bindings@1.2.1
117 silly cache add parsed spec Result {
117 silly cache add   raw: 'bindings@1.2.1',
117 silly cache add   scope: null,
117 silly cache add   name: 'bindings',
117 silly cache add   rawSpec: '1.2.1',
117 silly cache add   spec: '1.2.1',
117 silly cache add   type: 'version' }
118 silly addNamed bindings@1.2.1
119 verbose addNamed "1.2.1" is a plain semver version for bindings
120 silly mapToRegistry name bindings
121 silly mapToRegistry using default registry
122 silly mapToRegistry registry https://registry.npmjs.org/
123 silly mapToRegistry data Result {
123 silly mapToRegistry   raw: 'bindings',
123 silly mapToRegistry   scope: null,
123 silly mapToRegistry   name: 'bindings',
123 silly mapToRegistry   rawSpec: '',
123 silly mapToRegistry   spec: 'latest',
123 silly mapToRegistry   type: 'tag' }
124 silly mapToRegistry uri https://registry.npmjs.org/bindings
125 verbose addNameVersion registry:https://registry.npmjs.org/bindings not in flight; fetching
126 verbose get https://registry.npmjs.org/bindings not expired, no request
127 silly cache afterAdd bindings@1.2.1
128 verbose afterAdd C:\Users\BlattleM\AppData\Roaming\npm-cache\bindings\1.2.1\package\package.json not in flight; writing
129 verbose correctMkdir C:\Users\BlattleM\AppData\Roaming\npm-cache correctMkdir not in flight; initializing
130 verbose afterAdd C:\Users\BlattleM\AppData\Roaming\npm-cache\bindings\1.2.1\package\package.json written
131 silly loadAllDepsIntoIdealTree Finishing
132 silly idealTree:prePrune npm
132 silly idealTree:prePrune `-- bcrypt@0.8.7
132 silly idealTree:prePrune   +-- bindings@1.2.1
132 silly idealTree:prePrune   `-- nan@2.3.5
133 silly loadIdealTree Finishing
134 silly currentTree npm
135 silly idealTree npm
135 silly idealTree `-- bcrypt@0.8.7
135 silly idealTree   +-- bindings@1.2.1
135 silly idealTree   `-- nan@2.3.5
136 silly generateActionsToTake Starting
137 silly install generateActionsToTake
138 silly generateActionsToTake Finishing
139 silly diffTrees action count 3
140 silly diffTrees add bindings@1.2.1
141 silly diffTrees add nan@2.3.5
142 silly diffTrees add bcrypt@0.8.7
143 silly decomposeActions action count 24
144 silly decomposeActions fetch bindings@1.2.1
145 silly decomposeActions extract bindings@1.2.1
146 silly decomposeActions test bindings@1.2.1
147 silly decomposeActions preinstall bindings@1.2.1
148 silly decomposeActions build bindings@1.2.1
149 silly decomposeActions install bindings@1.2.1
150 silly decomposeActions postinstall bindings@1.2.1
151 silly decomposeActions finalize bindings@1.2.1
152 silly decomposeActions fetch nan@2.3.5
153 silly decomposeActions extract nan@2.3.5
154 silly decomposeActions test nan@2.3.5
155 silly decomposeActions preinstall nan@2.3.5
156 silly decomposeActions build nan@2.3.5
157 silly decomposeActions install nan@2.3.5
158 silly decomposeActions postinstall nan@2.3.5
159 silly decomposeActions finalize nan@2.3.5
160 silly decomposeActions fetch bcrypt@0.8.7
161 silly decomposeActions extract bcrypt@0.8.7
162 silly decomposeActions test bcrypt@0.8.7
163 silly decomposeActions preinstall bcrypt@0.8.7
164 silly decomposeActions build bcrypt@0.8.7
165 silly decomposeActions install bcrypt@0.8.7
166 silly decomposeActions postinstall bcrypt@0.8.7
167 silly decomposeActions finalize bcrypt@0.8.7
168 silly executeActions Starting
169 silly install executeActions
170 silly doSerial global-install 0
171 silly doParallel fetch 3
172 verbose correctMkdir C:\Users\BlattleM\AppData\Roaming\npm-cache\_locks correctMkdir not in flight; initializing
173 verbose lock using C:\Users\BlattleM\AppData\Roaming\npm-cache\_locks\staging-bb4c7c57596f25f6.lock for C:\Users\BlattleM\AppData\Roaming\npm\node_modules\.staging
174 silly doParallel extract 3
175 silly extract bindings@1.2.1
176 silly extract nan@2.3.5
177 silly extract bcrypt@0.8.7
178 verbose unbuild node_modules\.staging\bindings-29b1100f
179 verbose unbuild node_modules\.staging\nan-eb359da2
180 verbose unbuild node_modules\.staging\bcrypt-6c160e40
181 silly gentlyRm C:\Users\BlattleM\AppData\Roaming\npm\node_modules\.staging\bindings-29b1100f is being purged from base C:\Users\BlattleM\AppData\Roaming\npm
182 verbose gentlyRm don't care about contents; nuking C:\Users\BlattleM\AppData\Roaming\npm\node_modules\.staging\bindings-29b1100f
183 silly gentlyRm C:\Users\BlattleM\AppData\Roaming\npm\node_modules\.staging\nan-eb359da2 is being purged from base C:\Users\BlattleM\AppData\Roaming\npm
184 verbose gentlyRm don't care about contents; nuking C:\Users\BlattleM\AppData\Roaming\npm\node_modules\.staging\nan-eb359da2
185 verbose tar unpack C:\Users\BlattleM\AppData\Roaming\npm-cache\bindings\1.2.1\package.tgz
186 verbose tar unpacking to C:\Users\BlattleM\AppData\Roaming\npm\node_modules\.staging\bindings-29b1100f
187 silly gentlyRm C:\Users\BlattleM\AppData\Roaming\npm\node_modules\.staging\bindings-29b1100f is being purged
188 verbose gentlyRm don't care about contents; nuking C:\Users\BlattleM\AppData\Roaming\npm\node_modules\.staging\bindings-29b1100f
189 verbose tar unpack C:\Users\BlattleM\AppData\Roaming\npm-cache\nan\2.3.5\package.tgz
190 verbose tar unpacking to C:\Users\BlattleM\AppData\Roaming\npm\node_modules\.staging\nan-eb359da2
191 silly gentlyRm C:\Users\BlattleM\AppData\Roaming\npm\node_modules\.staging\nan-eb359da2 is being purged
192 verbose gentlyRm don't care about contents; nuking C:\Users\BlattleM\AppData\Roaming\npm\node_modules\.staging\nan-eb359da2
193 silly gentlyRm C:\Users\BlattleM\AppData\Roaming\npm\node_modules\.staging\bcrypt-6c160e40 is being purged from base C:\Users\BlattleM\AppData\Roaming\npm
194 verbose gentlyRm don't care about contents; nuking C:\Users\BlattleM\AppData\Roaming\npm\node_modules\.staging\bcrypt-6c160e40
195 silly gunzTarPerm modes [ '777', '666' ]
196 silly gunzTarPerm modes [ '777', '666' ]
197 verbose tar unpack C:\Users\BlattleM\AppData\Roaming\npm-cache\bcrypt\0.8.7\package.tgz
198 verbose tar unpacking to C:\Users\BlattleM\AppData\Roaming\npm\node_modules\.staging\bcrypt-6c160e40
199 silly gentlyRm C:\Users\BlattleM\AppData\Roaming\npm\node_modules\.staging\bcrypt-6c160e40 is being purged
200 verbose gentlyRm don't care about contents; nuking C:\Users\BlattleM\AppData\Roaming\npm\node_modules\.staging\bcrypt-6c160e40
201 silly gunzTarPerm modes [ '777', '666' ]
202 silly gunzTarPerm extractEntry package.json
203 silly gunzTarPerm modified mode [ 'package.json', 420, 438 ]
204 silly gunzTarPerm extractEntry package.json
205 silly gunzTarPerm modified mode [ 'package.json', 436, 438 ]
206 silly gunzTarPerm extractEntry package.json
207 silly gunzTarPerm modified mode [ 'package.json', 420, 438 ]
208 silly gunzTarPerm extractEntry README.md
209 silly gunzTarPerm modified mode [ 'README.md', 420, 438 ]
210 silly gunzTarPerm extractEntry bindings.js
211 silly gunzTarPerm modified mode [ 'bindings.js', 420, 438 ]
212 silly gunzTarPerm extractEntry README.md
213 silly gunzTarPerm modified mode [ 'README.md', 436, 438 ]
214 silly gunzTarPerm extractEntry .npmignore
215 silly gunzTarPerm modified mode [ '.npmignore', 420, 438 ]
216 silly gunzTarPerm extractEntry README.md
217 silly gunzTarPerm modified mode [ 'README.md', 420, 438 ]
218 silly gunzTarPerm extractEntry include_dirs.js
219 silly gunzTarPerm modified mode [ 'include_dirs.js', 436, 438 ]
220 silly gunzTarPerm extractEntry LICENSE
221 silly gunzTarPerm modified mode [ 'LICENSE', 420, 438 ]
222 silly gunzTarPerm extractEntry bcrypt.js
223 silly gunzTarPerm modified mode [ 'bcrypt.js', 420, 438 ]
224 silly gunzTarPerm extractEntry Makefile
225 silly gunzTarPerm modified mode [ 'Makefile', 420, 438 ]
226 silly gunzTarPerm extractEntry .travis.yml
227 silly gunzTarPerm modified mode [ '.travis.yml', 420, 438 ]
228 silly gunzTarPerm extractEntry CHANGELOG.md
229 silly gunzTarPerm modified mode [ 'CHANGELOG.md', 420, 438 ]
230 silly gunzTarPerm extractEntry binding.gyp
231 silly gunzTarPerm modified mode [ 'binding.gyp', 420, 438 ]
232 silly gunzTarPerm extractEntry examples/async_compare.js
233 silly gunzTarPerm modified mode [ 'examples/async_compare.js', 420, 438 ]
234 silly gunzTarPerm extractEntry examples/forever_gen_salt.js
235 silly gunzTarPerm modified mode [ 'examples/forever_gen_salt.js', 420, 438 ]
236 silly gunzTarPerm extractEntry test/async.js
237 silly gunzTarPerm modified mode [ 'test/async.js', 420, 438 ]
238 silly gunzTarPerm extractEntry test/repetitions.js
239 silly gunzTarPerm modified mode [ 'test/repetitions.js', 420, 438 ]
240 silly gunzTarPerm extractEntry test/sync.js
241 silly gunzTarPerm modified mode [ 'test/sync.js', 420, 438 ]
242 silly gunzTarPerm extractEntry ISSUE_TEMPLATE.md
243 silly gunzTarPerm modified mode [ 'ISSUE_TEMPLATE.md', 420, 438 ]
244 silly gunzTarPerm extractEntry src/bcrypt.cc
245 silly gunzTarPerm modified mode [ 'src/bcrypt.cc', 420, 438 ]
246 silly gunzTarPerm extractEntry src/bcrypt_node.cc
247 silly gunzTarPerm modified mode [ 'src/bcrypt_node.cc', 420, 438 ]
248 silly gunzTarPerm extractEntry src/blowfish.cc
249 silly gunzTarPerm modified mode [ 'src/blowfish.cc', 420, 438 ]
250 silly gunzTarPerm extractEntry src/node_blf.h
251 silly gunzTarPerm modified mode [ 'src/node_blf.h', 420, 438 ]
252 silly gunzTarPerm extractEntry werker.yml
253 silly gunzTarPerm modified mode [ 'werker.yml', 420, 438 ]
254 silly gunzTarPerm extractEntry nan_converters.h
255 silly gunzTarPerm modified mode [ 'nan_converters.h', 436, 438 ]
256 silly gunzTarPerm extractEntry LICENSE.md
257 silly gunzTarPerm modified mode [ 'LICENSE.md', 436, 438 ]
258 silly gunzTarPerm extractEntry doc/node_misc.md
259 silly gunzTarPerm modified mode [ 'doc/node_misc.md', 436, 438 ]
260 silly gunzTarPerm extractEntry doc/asyncworker.md
261 silly gunzTarPerm modified mode [ 'doc/asyncworker.md', 436, 438 ]
262 silly gunzTarPerm extractEntry doc/callback.md
263 silly gunzTarPerm modified mode [ 'doc/callback.md', 436, 438 ]
264 silly gunzTarPerm extractEntry doc/converters.md
265 silly gunzTarPerm modified mode [ 'doc/converters.md', 436, 438 ]
266 silly gunzTarPerm extractEntry doc/errors.md
267 silly gunzTarPerm modified mode [ 'doc/errors.md', 436, 438 ]
268 silly gunzTarPerm extractEntry doc/maybe_types.md
269 silly gunzTarPerm modified mode [ 'doc/maybe_types.md', 436, 438 ]
270 silly gunzTarPerm extractEntry doc/methods.md
271 silly gunzTarPerm modified mode [ 'doc/methods.md', 436, 438 ]
272 silly gunzTarPerm extractEntry doc/new.md
273 silly gunzTarPerm modified mode [ 'doc/new.md', 436, 438 ]
274 silly gentlyRm C:\Users\BlattleM\AppData\Roaming\npm\node_modules\.staging\bindings-29b1100f\node_modules is being purged
275 verbose gentlyRm don't care about contents; nuking C:\Users\BlattleM\AppData\Roaming\npm\node_modules\.staging\bindings-29b1100f\node_modules
276 silly gunzTarPerm extractEntry doc/buffers.md
277 silly gunzTarPerm modified mode [ 'doc/buffers.md', 436, 438 ]
278 silly gunzTarPerm extractEntry doc/object_wrappers.md
279 silly gunzTarPerm modified mode [ 'doc/object_wrappers.md', 436, 438 ]
280 silly gunzTarPerm extractEntry doc/persistent.md
281 silly gunzTarPerm modified mode [ 'doc/persistent.md', 436, 438 ]
282 silly gunzTarPerm extractEntry doc/scopes.md
283 silly gunzTarPerm modified mode [ 'doc/scopes.md', 436, 438 ]
284 silly gunzTarPerm extractEntry doc/script.md
285 silly gunzTarPerm modified mode [ 'doc/script.md', 436, 438 ]
286 silly gunzTarPerm extractEntry doc/string_bytes.md
287 silly gunzTarPerm modified mode [ 'doc/string_bytes.md', 436, 438 ]
288 silly gunzTarPerm extractEntry doc/v8_internals.md
289 silly gunzTarPerm modified mode [ 'doc/v8_internals.md', 436, 438 ]
290 silly gunzTarPerm extractEntry doc/v8_misc.md
291 silly gunzTarPerm modified mode [ 'doc/v8_misc.md', 436, 438 ]
292 silly gunzTarPerm extractEntry nan.h
293 silly gunzTarPerm modified mode [ 'nan.h', 436, 438 ]
294 silly gunzTarPerm extractEntry nan_callbacks.h
295 silly gunzTarPerm modified mode [ 'nan_callbacks.h', 436, 438 ]
296 silly gunzTarPerm extractEntry nan_callbacks_12_inl.h
297 silly gunzTarPerm modified mode [ 'nan_callbacks_12_inl.h', 436, 438 ]
298 silly gunzTarPerm extractEntry nan_callbacks_pre_12_inl.h
299 silly gunzTarPerm modified mode [ 'nan_callbacks_pre_12_inl.h', 436, 438 ]
300 silly gunzTarPerm extractEntry nan_converters_43_inl.h
301 silly gunzTarPerm modified mode [ 'nan_converters_43_inl.h', 436, 438 ]
302 silly gunzTarPerm extractEntry nan_converters_pre_43_inl.h
303 silly gunzTarPerm modified mode [ 'nan_converters_pre_43_inl.h', 436, 438 ]
304 silly gunzTarPerm extractEntry nan_implementation_12_inl.h
305 silly gunzTarPerm modified mode [ 'nan_implementation_12_inl.h', 436, 438 ]
306 silly gunzTarPerm extractEntry nan_implementation_pre_12_inl.h
307 silly gunzTarPerm modified mode [ 'nan_implementation_pre_12_inl.h', 436, 438 ]
308 silly gunzTarPerm extractEntry nan_maybe_43_inl.h
309 silly gunzTarPerm modified mode [ 'nan_maybe_43_inl.h', 436, 438 ]
310 silly gunzTarPerm extractEntry nan_maybe_pre_43_inl.h
311 silly gunzTarPerm modified mode [ 'nan_maybe_pre_43_inl.h', 436, 438 ]
312 silly gunzTarPerm extractEntry nan_new.h
313 silly gunzTarPerm modified mode [ 'nan_new.h', 436, 438 ]
314 silly gunzTarPerm extractEntry nan_object_wrap.h
315 silly gunzTarPerm modified mode [ 'nan_object_wrap.h', 436, 438 ]
316 silly gunzTarPerm extractEntry nan_persistent_12_inl.h
317 silly gunzTarPerm modified mode [ 'nan_persistent_12_inl.h', 436, 438 ]
318 silly gunzTarPerm extractEntry nan_persistent_pre_12_inl.h
319 silly gunzTarPerm modified mode [ 'nan_persistent_pre_12_inl.h', 436, 438 ]
320 silly gunzTarPerm extractEntry nan_string_bytes.h
321 silly gunzTarPerm modified mode [ 'nan_string_bytes.h', 436, 438 ]
322 silly gunzTarPerm extractEntry nan_typedarray_contents.h
323 silly gunzTarPerm modified mode [ 'nan_typedarray_contents.h', 436, 438 ]
324 silly gunzTarPerm extractEntry nan_weak.h
325 silly gunzTarPerm modified mode [ 'nan_weak.h', 436, 438 ]
326 silly gunzTarPerm extractEntry CHANGELOG.md
327 silly gunzTarPerm modified mode [ 'CHANGELOG.md', 436, 438 ]
328 silly gunzTarPerm extractEntry tools/package.json
329 silly gunzTarPerm modified mode [ 'tools/package.json', 436, 438 ]
330 silly gunzTarPerm extractEntry tools/README.md
331 silly gunzTarPerm modified mode [ 'tools/README.md', 436, 438 ]
332 silly gunzTarPerm extractEntry tools/1to2.js
333 silly gunzTarPerm modified mode [ 'tools/1to2.js', 509, 511 ]
334 silly gentlyRm C:\Users\BlattleM\AppData\Roaming\npm\node_modules\.staging\bcrypt-6c160e40\node_modules is being purged
335 verbose gentlyRm don't care about contents; nuking C:\Users\BlattleM\AppData\Roaming\npm\node_modules\.staging\bcrypt-6c160e40\node_modules
336 silly gentlyRm C:\Users\BlattleM\AppData\Roaming\npm\node_modules\.staging\nan-eb359da2\node_modules is being purged
337 verbose gentlyRm don't care about contents; nuking C:\Users\BlattleM\AppData\Roaming\npm\node_modules\.staging\nan-eb359da2\node_modules
338 silly doParallel preinstall 3
339 silly preinstall bindings@1.2.1 C:\Users\BlattleM\AppData\Roaming\npm\node_modules\.staging\bindings-29b1100f
340 info lifecycle bindings@1.2.1~preinstall: bindings@1.2.1
341 silly preinstall nan@2.3.5 C:\Users\BlattleM\AppData\Roaming\npm\node_modules\.staging\nan-eb359da2
342 info lifecycle nan@2.3.5~preinstall: nan@2.3.5
343 silly preinstall bcrypt@0.8.7 C:\Users\BlattleM\AppData\Roaming\npm\node_modules\.staging\bcrypt-6c160e40
344 info lifecycle bcrypt@0.8.7~preinstall: bcrypt@0.8.7
345 silly lifecycle bindings@1.2.1~preinstall: no script for preinstall, continuing
346 silly lifecycle nan@2.3.5~preinstall: no script for preinstall, continuing
347 silly lifecycle bcrypt@0.8.7~preinstall: no script for preinstall, continuing
348 silly doReverseSerial remove 0
349 silly doSerial move 0
350 silly doSerial finalize 3
351 silly finalize C:\Users\BlattleM\AppData\Roaming\npm\node_modules\bcrypt\node_modules\bindings
352 silly finalize C:\Users\BlattleM\AppData\Roaming\npm\node_modules\bcrypt\node_modules\nan
353 silly finalize C:\Users\BlattleM\AppData\Roaming\npm\node_modules\bcrypt
354 silly doSerial build 3
355 silly build bindings@1.2.1
356 info linkStuff bindings@1.2.1
357 silly linkStuff bindings@1.2.1 has C:\Users\BlattleM\AppData\Roaming\npm\node_modules\bcrypt\node_modules as its parent node_modules
358 silly linkStuff bindings@1.2.1 is part of a global install
359 silly linkStuff bindings@1.2.1 is installed into a global node_modules
360 verbose linkBins bindings@1.2.1
361 verbose linkMans bindings@1.2.1
362 silly build nan@2.3.5
363 info linkStuff nan@2.3.5
364 silly linkStuff nan@2.3.5 has C:\Users\BlattleM\AppData\Roaming\npm\node_modules\bcrypt\node_modules as its parent node_modules
365 silly linkStuff nan@2.3.5 is part of a global install
366 silly linkStuff nan@2.3.5 is installed into a global node_modules
367 verbose linkBins nan@2.3.5
368 verbose linkMans nan@2.3.5
369 silly build bcrypt@0.8.7
370 info linkStuff bcrypt@0.8.7
371 silly linkStuff bcrypt@0.8.7 has C:\Users\BlattleM\AppData\Roaming\npm\node_modules as its parent node_modules
372 silly linkStuff bcrypt@0.8.7 is part of a global install
373 silly linkStuff bcrypt@0.8.7 is installed into a global node_modules
374 silly linkStuff bcrypt@0.8.7 is installed into the top-level global node_modules
375 verbose linkBins bcrypt@0.8.7
376 verbose linkMans bcrypt@0.8.7
377 silly doSerial global-link 0
378 silly doParallel update-linked 0
379 silly doSerial install 3
380 silly install bindings@1.2.1 C:\Users\BlattleM\AppData\Roaming\npm\node_modules\.staging\bindings-29b1100f
381 info lifecycle bindings@1.2.1~install: bindings@1.2.1
382 silly lifecycle bindings@1.2.1~install: no script for install, continuing
383 silly install nan@2.3.5 C:\Users\BlattleM\AppData\Roaming\npm\node_modules\.staging\nan-eb359da2
384 info lifecycle nan@2.3.5~install: nan@2.3.5
385 silly lifecycle nan@2.3.5~install: no script for install, continuing
386 silly install bcrypt@0.8.7 C:\Users\BlattleM\AppData\Roaming\npm\node_modules\.staging\bcrypt-6c160e40
387 info lifecycle bcrypt@0.8.7~install: bcrypt@0.8.7
388 verbose lifecycle bcrypt@0.8.7~install: unsafe-perm in lifecycle true
389 verbose lifecycle bcrypt@0.8.7~install: PATH: C:\Program Files\nodejs\node_modules\npm\bin\node-gyp-bin;C:\Users\BlattleM\AppData\Roaming\npm\node_modules\bcrypt\node_modules\.bin;C:\Users\BlattleM\AppData\Roaming\npm\node_modules\.bin;C:\Program Files\nodejs;P:\bin;C:\Program Files (x86)\Git\mingw32\bin;C:\Program Files (x86)\Git\usr\local\bin;C:\Program Files (x86)\Git\usr\bin;C:\Program Files (x86)\Git\usr\bin;C:\Program Files (x86)\Git\mingw32\bin;C:\Program Files (x86)\Git\usr\bin;C:\ProgramData\Oracle\Java\javapath;C:\Windows\system32;C:\Windows;C:\Windows\System32\Wbem;C:\Windows\System32\WindowsPowerShell\v1.0;C:\Program Files (x86)\Windows Kits\8.1\Windows Performance Toolkit;C:\Program Files\Microsoft SQL Server\110\Tools\Binn;C:\Program Files (x86)\MySQL\MySQL Fabric 1.5 & MySQL Utilities 1.5;C:\Program Files (x86)\MySQL\MySQL Fabric 1.5 & MySQL Utilities 1.5\Doctrine extensions for PHP;C:\Program Files\nodejs;C:\Program Files\Microsoft SQL Server\Client SDK\ODBC\110\Tools\Binn;C:\Program Files (x86)\Microsoft SQL Server\120\Tools\Binn;C:\Program Files\Microsoft SQL Server\120\Tools\Binn;C:\Program Files\Microsoft SQL Server\120\DTS\Binn;C:\Program Files (x86)\Microsoft SQL Server\Client SDK\ODBC\130\Tools\Binn;C:\Program Files (x86)\Microsoft SQL Server\130\Tools\Binn;C:\Program Files (x86)\Microsoft SQL Server\130\DTS\Binn;C:\Program Files (x86)\Microsoft SQL Server\130\Tools\Binn\ManagementStudio;C:\emacs_22_3\bin;C:\xampp\php;C:\ProgramData\ComposerSetup\bin;C:\Users\BlattleM\AppData\Local\atom\bin;C:\Users\BlattleM\AppData\Roaming\npm;C:\Users\BlattleM\AppData\Roaming\Composer\vendor\bin;C:\Program Files (x86)\Git\usr\bin\vendor_perl;C:\Program Files (x86)\Git\usr\bin\core_perl
390 verbose lifecycle bcrypt@0.8.7~install: CWD: C:\Users\BlattleM\AppData\Roaming\npm\node_modules\bcrypt
391 silly lifecycle bcrypt@0.8.7~install: Args: [ '/d /s /c', 'node-gyp rebuild' ]
392 silly lifecycle bcrypt@0.8.7~install: Returned: code: 1  signal: null
393 info lifecycle bcrypt@0.8.7~install: Failed to exec install script
394 verbose unlock done using C:\Users\BlattleM\AppData\Roaming\npm-cache\_locks\staging-bb4c7c57596f25f6.lock for C:\Users\BlattleM\AppData\Roaming\npm\node_modules\.staging
395 silly rollbackFailedOptional Starting
396 silly rollbackFailedOptional Finishing
397 silly runTopLevelLifecycles Starting
398 silly runTopLevelLifecycles Finishing
399 silly install printInstalled
400 verbose stack Error: bcrypt@0.8.7 install: `node-gyp rebuild`
400 verbose stack Exit status 1
400 verbose stack     at EventEmitter.<anonymous> (C:\Program Files\nodejs\node_modules\npm\lib\utils\lifecycle.js:239:16)
400 verbose stack     at emitTwo (events.js:100:13)
400 verbose stack     at EventEmitter.emit (events.js:185:7)
400 verbose stack     at ChildProcess.<anonymous> (C:\Program Files\nodejs\node_modules\npm\lib\utils\spawn.js:24:14)
400 verbose stack     at emitTwo (events.js:100:13)
400 verbose stack     at ChildProcess.emit (events.js:185:7)
400 verbose stack     at maybeClose (internal/child_process.js:850:16)
400 verbose stack     at Process.ChildProcess._handle.onexit (internal/child_process.js:215:5)
401 verbose pkgid bcrypt@0.8.7
402 verbose cwd C:\xampp\htdocs\ListIt
403 error Windows_NT 6.1.7601
404 error argv "C:\\Program Files\\nodejs\\node.exe" "C:\\Program Files\\nodejs\\node_modules\\npm\\bin\\npm-cli.js" "install" "bcrypt" "-g"
405 error node v5.10.1
406 error npm  v3.8.3
407 error code ELIFECYCLE
408 error bcrypt@0.8.7 install: `node-gyp rebuild`
408 error Exit status 1
409 error Failed at the bcrypt@0.8.7 install script 'node-gyp rebuild'.
409 error Make sure you have the latest version of node.js and npm installed.
409 error If you do, this is most likely a problem with the bcrypt package,
409 error not with npm itself.
409 error Tell the author that this fails on your system:
409 error     node-gyp rebuild
409 error You can get information on how to open an issue for this project with:
409 error     npm bugs bcrypt
409 error Or if that isn't available, you can get their info via:
409 error     npm owner ls bcrypt
409 error There is likely additional logging output above.
410 verbose exit [ 1, true ]
